2022-10-28 16:04:16,594 :INFO :test_trip_types :Trip Types Passed
2022-10-28 16:04:16,967 :INFO :test_fare_types :Fare Types Passed
2022-10-28 16:04:34,225 :INFO :test_search :Search Passed for flight PNQ ----> CCU
2022-10-28 16:05:04,745 :INFO :test_search :Search Passed for flight DEL ----> BOM
2022-10-28 16:05:04,745 :INFO :test_search :Search Passed for flight DEL ----> BOM
2022-10-28 16:05:37,177 :INFO :test_search :Search Passed for flight BLR ----> HYD
2022-10-28 16:05:37,177 :INFO :test_search :Search Passed for flight BLR ----> HYD
2022-10-28 16:05:37,177 :INFO :test_search :Search Passed for flight BLR ----> HYD
2022-10-28 16:06:06,705 :INFO :test_search :Search Passed for flight MAA ----> AMD
2022-10-28 16:06:06,705 :INFO :test_search :Search Passed for flight MAA ----> AMD
2022-10-28 16:06:06,705 :INFO :test_search :Search Passed for flight MAA ----> AMD
2022-10-28 16:06:06,705 :INFO :test_search :Search Passed for flight MAA ----> AMD
2022-10-28 17:45:51,586 :INFO :test_trip_types :Trip Types Passed
2022-10-28 17:45:51,932 :INFO :test_fare_types :Fare Types Passed
2022-10-28 17:46:45,803 :INFO :test_trip_types :Trip Types Passed
2022-10-28 17:46:46,124 :INFO :test_fare_types :Fare Types Passed
2022-10-28 17:47:03,725 :INFO :test_search :Search Passed for flight PNQ ----> CCU
2022-10-28 17:47:52,233 :INFO :test_search :Search Passed for flight DEL ----> BOM
2022-10-28 17:47:52,233 :INFO :test_search :Search Passed for flight DEL ----> BOM
2022-10-28 17:48:25,080 :INFO :test_search :Search Passed for flight BLR ----> HYD
2022-10-28 17:48:25,080 :INFO :test_search :Search Passed for flight BLR ----> HYD
2022-10-28 17:48:25,080 :INFO :test_search :Search Passed for flight BLR ----> HYD
2022-10-28 17:48:51,375 :INFO :test_search :Search Passed for flight MAA ----> AMD
2022-10-28 17:48:51,375 :INFO :test_search :Search Passed for flight MAA ----> AMD
2022-10-28 17:48:51,375 :INFO :test_search :Search Passed for flight MAA ----> AMD
2022-10-28 17:48:51,375 :INFO :test_search :Search Passed for flight MAA ----> AMD
2022-10-28 17:50:23,855 :INFO :test_trip_types :Trip Types Passed
2022-10-28 17:50:24,078 :INFO :test_fare_types :Fare Types Passed
2022-10-31 11:30:56,401 :INFO :test_trip_types :Trip Types Passed
2022-10-31 11:30:56,610 :INFO :test_fare_types :Fare Types Passed
2022-10-31 12:55:28,450 :INFO :test_trip_types :Trip Types Passed
2022-10-31 12:55:28,566 :INFO :test_fare_types :Fare Types Passed
2022-10-31 12:59:11,338 :INFO :test_trip_types :Trip Types Passed
2022-10-31 12:59:11,447 :INFO :test_fare_types :Fare Types Passed
